<?xml version="1.0" encoding="UTF-8"?>
<!-- Generated by org.testng.reporters.JUnitXMLReporter -->
<testsuite ignored="0" hostname="MD3C7C3F2B0C94" failures="0" tests="3" name="Surefire test" time="8.314" errors="0" timestamp="2023-04-11T20:33:00 EEST">
  <testcase classname="org.example.tests.LoginTestCases" name="loginAnExistingUser" time="1.282"/>
  <testcase classname="org.example.tests.LoginTestCases" name="loginWithNewCredentials" time="1.281"/>
  <testcase classname="org.example.tests.LoginTestCases" name="loginWithAnExistingUsernameAndWrongPassword" time="1.239"/>
</testsuite> <!-- Surefire test -->
