<?xml version="1.0" encoding="UTF-8"?>
<!-- Generated by org.testng.reporters.JUnitXMLReporter -->
<testsuite ignored="27" hostname="MD3C7C3F2B0C94" failures="0" tests="1" name="SeleniumProject" time="11.249" errors="0" timestamp="2023-04-11T17:28:09 EEST">
  <testcase classname="org.example.tests.HomePageTestCases" name="getCurrencyByValueRange" time="8.758"/>
  <testcase classname="org.example.tests.HomePageTestCases" name="getCurrencyMismatchCurrencyNameAndCode" time="0.0">
    <ignored/>
  </testcase> <!-- getCurrencyMismatchCurrencyNameAndCode -->
  <testcase classname="org.example.tests.HomePageTestCases" name="defaultFromDateCurrency" time="0.0">
    <ignored/>
  </testcase> <!-- defaultFromDateCurrency -->
  <testcase classname="org.example.tests.HomePageTestCases" name="invalidCharCodeSpecified" time="0.0">
    <ignored/>
  </testcase> <!-- invalidCharCodeSpecified -->
  <testcase classname="org.example.tests.HomePageTestCases" name="verify60Dates" time="0.0">
    <ignored/>
  </testcase> <!-- verify60Dates -->
  <testcase classname="org.example.tests.HomePageTestCases" name="validFromDateCurrency" time="0.0">
    <ignored/>
  </testcase> <!-- validFromDateCurrency -->
  <testcase classname="org.example.tests.HomePageTestCases" name="getCurrencyValuesNegative" time="0.0">
    <ignored/>
  </testcase> <!-- getCurrencyValuesNegative -->
  <testcase classname="org.example.tests.HomePageTestCases" name="getCurrencyRates" time="0.0">
    <ignored/>
  </testcase> <!-- getCurrencyRates -->
  <testcase classname="org.example.tests.HomePageTestCases" name="getCurrencyWithEmptyValueField" time="0.0">
    <ignored/>
  </testcase> <!-- getCurrencyWithEmptyValueField -->
  <testcase classname="org.example.tests.HomePageTestCases" name="getCurrencyWithUpperAndLowerCase" time="0.0">
    <ignored/>
  </testcase> <!-- getCurrencyWithUpperAndLowerCase -->
  <testcase classname="org.example.tests.HomePageTestCases" name="oldFromDateCurrency" time="0.0">
    <ignored/>
  </testcase> <!-- oldFromDateCurrency -->
  <testcase classname="org.example.tests.HomePageTestCases" name="logInAndLogOutWithTheSameCredentials" time="0.0">
    <ignored/>
  </testcase> <!-- logInAndLogOutWithTheSameCredentials -->
  <testcase classname="org.example.tests.HomePageTestCases" name="getCurrencyValuesBySpecifiedFromInput" time="0.0">
    <ignored/>
  </testcase> <!-- getCurrencyValuesBySpecifiedFromInput -->
  <testcase classname="org.example.tests.HomePageTestCases" name="oldToDateCurrency" time="0.0">
    <ignored/>
  </testcase> <!-- oldToDateCurrency -->
  <testcase classname="org.example.tests.HomePageTestCases" name="charCodeCase" time="0.0">
    <ignored/>
  </testcase> <!-- charCodeCase -->
  <testcase classname="org.example.tests.HomePageTestCases" name="getCharCodesWhenCurrencyNameIsNotSpecified" time="0.0">
    <ignored/>
  </testcase> <!-- getCharCodesWhenCurrencyNameIsNotSpecified -->
  <testcase classname="org.example.tests.HomePageTestCases" name="defaultToDate" time="0.0">
    <ignored/>
  </testcase> <!-- defaultToDate -->
  <testcase classname="org.example.tests.HomePageTestCases" name="futureFromDateCurrency" time="0.0">
    <ignored/>
  </testcase> <!-- futureFromDateCurrency -->
  <testcase classname="org.example.tests.HomePageTestCases" name="verifyLanguage" time="0.0">
    <ignored/>
  </testcase> <!-- verifyLanguage -->
  <testcase classname="org.example.tests.HomePageTestCases" name="getCharCodesWithCurrencyNameSpecified" time="0.0">
    <ignored/>
  </testcase> <!-- getCharCodesWithCurrencyNameSpecified -->
  <testcase classname="org.example.tests.HomePageTestCases" name="invalidCurrencyNames" time="0.0">
    <ignored/>
  </testcase> <!-- invalidCurrencyNames -->
  <testcase classname="org.example.tests.HomePageTestCases" name="unregister" time="0.0">
    <ignored/>
  </testcase> <!-- unregister -->
  <testcase classname="org.example.tests.HomePageTestCases" name="futureToDateCurrency" time="0.0">
    <ignored/>
  </testcase> <!-- futureToDateCurrency -->
  <testcase classname="org.example.tests.HomePageTestCases" name="getErrorMessageWhenOnlyLanguageIsSpecified" time="0.0">
    <ignored/>
  </testcase> <!-- getErrorMessageWhenOnlyLanguageIsSpecified -->
  <testcase classname="org.example.tests.HomePageTestCases" name="verifyGetCurrencyRatesNotSpecifiedCharCode" time="0.0">
    <ignored/>
  </testcase> <!-- verifyGetCurrencyRatesNotSpecifiedCharCode -->
  <testcase classname="org.example.tests.HomePageTestCases" name="currencyNominal" time="0.0">
    <ignored/>
  </testcase> <!-- currencyNominal -->
  <testcase classname="org.example.tests.HomePageTestCases" name="verifyGetCurrencyRatesWithSpecifiedCharCode" time="0.0">
    <ignored/>
  </testcase> <!-- verifyGetCurrencyRatesWithSpecifiedCharCode -->
  <testcase classname="org.example.tests.HomePageTestCases" name="getCurrentValueToNegative" time="0.0">
    <ignored/>
  </testcase> <!-- getCurrentValueToNegative -->
</testsuite> <!-- SeleniumProject -->
